<?xml version="1.0" encoding="utf-8"?><testsuites name="pytest tests"><testsuite name="pytest" errors="0" failures="0" skipped="0" tests="28" time="9.875" timestamp="2026-04-29T13:46:54.922211+00:00" hostname="agent-env-de967c8e-943d-4103-8597-eaf3c1f9cabd"><testcase classname="backend.tests.backend_test" name="test_root" time="0.165" /><testcase classname="backend.tests.backend_test" name="test_login_admin_success" time="0.335" /><testcase classname="backend.tests.backend_test" name="test_login_invalid" time="0.139" /><testcase classname="backend.tests.backend_test" name="test_me_with_token" time="0.452" /><testcase classname="backend.tests.backend_test" name="test_me_without_token" time="0.107" /><testcase classname="backend.tests.backend_test" name="test_register_new_user_default_personal" time="0.333" /><testcase classname="backend.tests.backend_test" name="test_list_users_any_auth" time="0.473" /><testcase classname="backend.tests.backend_test" name="test_create_user_admin_only" time="0.444" /><testcase classname="backend.tests.backend_test" name="test_create_update_delete_user" time="0.532" /><testcase classname="backend.tests.backend_test" name="test_create_document_personal_forbidden" time="0.108" /><testcase classname="backend.tests.backend_test" name="test_create_document_invalid_medium" time="0.151" /><testcase classname="backend.tests.backend_test" name="test_get_document" time="0.268" /><testcase classname="backend.tests.backend_test" name="test_list_documents_filter" time="0.108" /><testcase classname="backend.tests.backend_test" name="test_assign_department" time="0.111" /><testcase classname="backend.tests.backend_test" name="test_jefe_sees_dept_doc" time="0.496" /><testcase classname="backend.tests.backend_test" name="test_jefe_notification_created" time="0.098" /><testcase classname="backend.tests.backend_test" name="test_assign_person_by_jefe" time="0.148" /><testcase classname="backend.tests.backend_test" name="test_jefe_cannot_assign_outside_dept" time="0.456" /><testcase classname="backend.tests.backend_test" name="test_personal_status_change" time="0.235" /><testcase classname="backend.tests.backend_test" name="test_personal_inbox_filter" time="0.107" /><testcase classname="backend.tests.backend_test" name="test_personal_cannot_see_other_docs" time="0.295" /><testcase classname="backend.tests.backend_test" name="test_history_and_comments" time="0.369" /><testcase classname="backend.tests.backend_test" name="test_personal_notifications" time="0.343" /><testcase classname="backend.tests.backend_test" name="test_dashboard_stats_admin" time="0.127" /><testcase classname="backend.tests.backend_test" name="test_dashboard_stats_personal_scoped" time="0.128" /><testcase classname="backend.tests.backend_test" name="test_upload_and_download" time="0.566" /><testcase classname="backend.tests.backend_test" name="test_brute_force_lockout" time="2.280" /><testcase classname="backend.tests.backend_test" name="test_zz_cleanup_docs" time="0.411" /></testsuite></testsuites>