<?xml version="1.0" encoding="utf-8"?><testsuites name="pytest tests"><testsuite name="pytest" errors="0" failures="0" skipped="0" tests="15" time="7.188" timestamp="2026-04-29T14:11:00.560420+00:00" hostname="agent-env-de967c8e-943d-4103-8597-eaf3c1f9cabd"><testcase classname="backend.tests.test_templates_responses" name="test_seed_templates_present" time="0.552" /><testcase classname="backend.tests.test_templates_responses" name="test_list_templates_any_role" time="0.485" /><testcase classname="backend.tests.test_templates_responses" name="test_personal_cannot_create_template" time="0.113" /><testcase classname="backend.tests.test_templates_responses" name="test_recep_can_create_template" time="0.494" /><testcase classname="backend.tests.test_templates_responses" name="test_invalid_category_rejected" time="0.108" /><testcase classname="backend.tests.test_templates_responses" name="test_jefe_can_update_template" time="0.676" /><testcase classname="backend.tests.test_templates_responses" name="test_only_admin_delete_template" time="0.371" /><testcase classname="backend.tests.test_templates_responses" name="test_create_response_personal" time="0.629" /><testcase classname="backend.tests.test_templates_responses" name="test_list_responses_includes_created" time="0.115" /><testcase classname="backend.tests.test_templates_responses" name="test_history_logs_response_creation" time="0.109" /><testcase classname="backend.tests.test_templates_responses" name="test_update_response_only_creator" time="0.394" /><testcase classname="backend.tests.test_templates_responses" name="test_sign_response_flow" time="0.820" /><testcase classname="backend.tests.test_templates_responses" name="test_personal_cannot_access_unassigned_doc_response" time="0.815" /><testcase classname="backend.tests.test_templates_responses" name="test_delete_response_rules" time="0.944" /><testcase classname="backend.tests.test_templates_responses" name="test_zz_cleanup" time="0.469" /></testsuite></testsuites>